<?xml version="1.0" encoding="UTF-8"?>
<!-- Generated by org.testng.reporters.JUnitReportReporter -->
<testsuite hostname="IABLR-LT155" name="com.impact.API.TestCases.ValidateCreateCustomerAPI" tests="3" failures="0" timestamp="1 Nov 2019 16:23:09 GMT" time="3.740" errors="0">
  <testcase name="validateCreateCustomerAPIWithValidSecretKey" time="0.829" classname="com.impact.API.TestCases.ValidateCreateCustomerAPI"/>
  <testcase name="validateCreateCustomerAPIWithValidSecretKey" time="1.195" classname="com.impact.API.TestCases.ValidateCreateCustomerAPI"/>
  <testcase name="validateCreateCustomerAPIWithInValidSecretKey" time="1.716" classname="com.impact.API.TestCases.ValidateCreateCustomerAPI"/>
</testsuite> <!-- com.impact.API.TestCases.ValidateCreateCustomerAPI -->
