<?xml version="1.0" encoding="UTF-8"?>
<!-- Generated by org.testng.reporters.JUnitReportReporter -->
<testsuite hostname="IABLR-LT155" name="com.impact.API.TestCases.ValidateUpdateCustomerAPI" tests="1" failures="0" timestamp="1 Nov 2019 16:23:09 GMT" time="0.673" errors="0">
  <testcase name="validateUpdateCustomerAPIWithValidSecretKey" time="0.673" classname="com.impact.API.TestCases.ValidateUpdateCustomerAPI"/>
</testsuite> <!-- com.impact.API.TestCases.ValidateUpdateCustomerAPI -->
